<?xml version="1.0" encoding="UTF-8"?>
<!-- Generated by org.testng.reporters.JUnitReportReporter -->
<testsuite hostname="BrahmasanisPC" failures="0" tests="3" name="testCases.TestAccountRegistration" time="9.154" errors="0" timestamp="2025-04-16T20:00:21 IST" skipped="0">
  <testcase classname="testCases.TestAccountRegistration" name="accountRegistration" time="3.978"/>
  <testcase classname="testCases.TestAccountRegistration" name="accountRegistration" time="3.265"/>
  <testcase classname="testCases.TestAccountRegistration" name="accountRegistration" time="1.911"/>
</testsuite> <!-- testCases.TestAccountRegistration -->
