<?xml version="1.0" encoding="UTF-8"?>
<!-- Generated by org.testng.reporters.JUnitReportReporter -->
<testsuite hostname="BrahmasanisPC" failures="0" tests="3" name="testCases.TC_Login" time="3.874" errors="0" timestamp="2025-04-26T01:08:32 IST" skipped="0">
  <testcase classname="testCases.TC_Login" name="accountLogin" time="1.206"/>
  <testcase classname="testCases.TC_Login" name="accountLogin" time="1.160"/>
  <testcase classname="testCases.TC_Login" name="accountLogin" time="1.508"/>
</testsuite> <!-- testCases.TC_Login -->
