<?xml version="1.0" encoding="UTF-8"?>
<!-- Generated by org.testng.reporters.JUnitReportReporter -->
<testsuite hostname="BrahmasanisPC" failures="0" tests="1" name="testCases.TC_Registration" time="2.373" errors="0" timestamp="2025-04-26T02:20:25 IST" skipped="0">
  <testcase classname="testCases.TC_Registration" name="accountRegistration" time="2.373"/>
</testsuite> <!-- testCases.TC_Registration -->
