<?xml version="1.0" encoding="UTF-8"?>
<!-- Generated by org.testng.reporters.JUnitReportReporter -->
<testsuite hostname="BrahmasanisPC" failures="0" tests="1" name="testCases.TC_Login" time="1.768" errors="0" timestamp="2025-04-26T02:20:25 IST" skipped="0">
  <testcase classname="testCases.TC_Login" name="accountLogin" time="1.768"/>
</testsuite> <!-- testCases.TC_Login -->
